2025-02-06 15:27:06 [background-preinit] INFO  o.h.validator.internal.util.Version - HV000001: Hibernate Validator 8.0.2.Final
2025-02-06 15:27:06 [main] INFO  emfoplus.gms.GmsApplication - Starting GmsApplication using Java 17.0.12 with PID 10648 (D:\업무\04_소스파일\gms\gms\build\classes\java\main started by PC-060 in D:\업무\04_소스파일\gms\gms)
2025-02-06 15:27:06 [main] INFO  emfoplus.gms.GmsApplication - No active profile set, falling back to 1 default profile: "default"
2025-02-06 15:27:07 [main] INFO  o.s.d.r.c.RepositoryConfigurationDelegate - Bootstrapping Spring Data JPA repositories in DEFAULT mode.
2025-02-06 15:27:07 [main] INFO  o.s.d.r.c.RepositoryConfigurationDelegate - Finished Spring Data repository scanning in 15 ms. Found 0 JPA repository interfaces.
2025-02-06 15:27:08 [main] INFO  o.s.b.w.e.tomcat.TomcatWebServer - Tomcat initialized with port 8080 (http)
2025-02-06 15:27:08 [main] INFO  o.a.coyote.http11.Http11NioProtocol - Initializing ProtocolHandler ["http-nio-8080"]
2025-02-06 15:27:08 [main] INFO  o.a.catalina.core.StandardService - Starting service [Tomcat]
2025-02-06 15:27:08 [main] INFO  o.a.catalina.core.StandardEngine - Starting Servlet engine: [Apache Tomcat/10.1.34]
2025-02-06 15:27:08 [main] INFO  o.a.c.c.C.[Tomcat].[localhost].[/] - Initializing Spring embedded WebApplicationContext
2025-02-06 15:27:08 [main] INFO  o.s.b.w.s.c.ServletWebServerApplicationContext - Root WebApplicationContext: initialization completed in 1955 ms
2025-02-06 15:27:08 [main] INFO  com.zaxxer.hikari.HikariDataSource - HikariPool-1 - Starting...
2025-02-06 15:27:08 [main] INFO  com.zaxxer.hikari.pool.HikariPool - HikariPool-1 - Added connection org.mariadb.jdbc.Connection@733fb462
2025-02-06 15:27:08 [main] INFO  com.zaxxer.hikari.HikariDataSource - HikariPool-1 - Start completed.
2025-02-06 15:27:08 [main] INFO  o.h.jpa.internal.util.LogHelper - HHH000204: Processing PersistenceUnitInfo [name: default]
2025-02-06 15:27:09 [main] INFO  org.hibernate.Version - HHH000412: Hibernate ORM core version 6.6.5.Final
2025-02-06 15:27:09 [main] INFO  o.h.c.i.RegionFactoryInitiator - HHH000026: Second-level cache disabled
2025-02-06 15:27:09 [main] INFO  o.s.o.j.p.SpringPersistenceUnitInfo - No LoadTimeWeaver setup: ignoring JPA class transformer
2025-02-06 15:27:09 [main] INFO  o.hibernate.orm.connections.pooling - HHH10001005: Database info:
	Database JDBC URL [Connecting through datasource 'HikariDataSource (HikariPool-1)']
	Database driver: undefined/unknown
	Database version: 10.6.20
	Autocommit mode: undefined/unknown
	Isolation level: undefined/unknown
	Minimum pool size: undefined/unknown
	Maximum pool size: undefined/unknown
2025-02-06 15:27:10 [main] INFO  o.h.e.t.j.p.i.JtaPlatformInitiator - HHH000489: No JTA platform available (set 'hibernate.transaction.jta.platform' to enable JTA platform integration)
2025-02-06 15:27:10 [main] INFO  o.s.o.j.LocalContainerEntityManagerFactoryBean - Initialized JPA EntityManagerFactory for persistence unit 'default'
2025-02-06 15:27:10 [main] WARN  o.s.b.a.o.j.JpaBaseConfiguration$JpaWebConfiguration - spring.jpa.open-in-view is enabled by default. Therefore, database queries may be performed during view rendering. Explicitly configure spring.jpa.open-in-view to disable this warning
2025-02-06 15:27:10 [main] INFO  o.a.coyote.http11.Http11NioProtocol - Starting ProtocolHandler ["http-nio-8080"]
2025-02-06 15:27:11 [main] INFO  o.s.b.w.e.tomcat.TomcatWebServer - Tomcat started on port 8080 (http) with context path '/'
2025-02-06 15:27:11 [main] INFO  emfoplus.gms.GmsApplication - Started GmsApplication in 5.237 seconds (process running for 5.709)
2025-02-06 15:27:11 [scheduling-1] ERROR emfoplus.gms.test.TestService - test2025-02-06T15:27:11.032910600
2025-02-06 15:27:16 [scheduling-1] ERROR emfoplus.gms.test.TestService - test2025-02-06T15:27:16.045177600
2025-02-06 15:27:21 [scheduling-1] ERROR emfoplus.gms.test.TestService - test2025-02-06T15:27:21.055580600
2025-02-06 15:27:26 [scheduling-1] ERROR emfoplus.gms.test.TestService - test2025-02-06T15:27:26.067459300
2025-02-06 16:05:10 [main] WARN  o.s.b.a.o.j.JpaBaseConfiguration$JpaWebConfiguration - spring.jpa.open-in-view is enabled by default. Therefore, database queries may be performed during view rendering. Explicitly configure spring.jpa.open-in-view to disable this warning
2025-02-06 16:05:10 [scheduling-1] ERROR emfoplus.gms.test.TestService - test2025-02-06T16:05:10.945631
2025-02-06 16:05:15 [scheduling-1] ERROR emfoplus.gms.test.TestService - test2025-02-06T16:05:15.958786900
2025-02-06 16:05:20 [scheduling-1] ERROR emfoplus.gms.test.TestService - test2025-02-06T16:05:20.968863800
2025-02-06 16:05:25 [scheduling-1] ERROR emfoplus.gms.test.TestService - test2025-02-06T16:05:25.973005100
2025-02-06 16:05:30 [scheduling-1] ERROR emfoplus.gms.test.TestService - test2025-02-06T16:05:30.975159900
